2023-03-11 19:22:28.275 [main] INFO  Calculator - [FACTORIAL] - 6
2023-03-11 19:22:28.277 [main] INFO  Calculator - [RESULT - FACTORIAL] - 720
2023-03-11 19:23:25.816 [main] INFO  Calculator - [FACTORIAL] - 8
2023-03-11 19:23:25.824 [main] INFO  Calculator - [RESULT - FACTORIAL] - 40320
2023-03-13 10:06:35.088 [main] INFO  Calculator - [SQUARE ROOT] - 16.0
2023-03-13 10:06:35.096 [main] INFO  Calculator - [RESULT - SQUARE ROOT] - 4.0
2023-03-13 10:06:56.914 [main] INFO  Calculator - [SQUARE ROOT] - 5.0
2023-03-13 10:06:56.916 [main] INFO  Calculator - [RESULT - SQUARE ROOT] - 2.23606797749979
2023-03-13 10:07:10.550 [main] INFO  Calculator - [FACTORIAL] - 15
2023-03-13 10:07:10.553 [main] INFO  Calculator - [RESULT - FACTORIAL] - 1307674368000
2023-03-13 10:15:27.825 [main] INFO  Calculator - [SQUARE ROOT] - 5.0
2023-03-13 10:15:27.836 [main] INFO  Calculator - [RESULT - SQUARE ROOT] - 2.23606797749979
2023-03-13 10:15:37.126 [main] INFO  Calculator - [FACTORIAL] - 5
2023-03-13 10:15:37.128 [main] INFO  Calculator - [RESULT - FACTORIAL] - 120
2023-03-13 10:15:43.028 [main] INFO  Calculator - [NATURAL LOG] - 6.0
2023-03-13 10:15:43.029 [main] INFO  Calculator - [RESULT - NATURAL LOG] - 1.791759469228055
2023-03-13 10:21:10.379 [main] INFO  Calculator - [POWER] - 2 3
2023-03-13 10:21:10.388 [main] INFO  Calculator - [RESULT - POWER] - 8.0
2023-03-13 10:21:21.440 [main] INFO  Calculator - [POWER] - 2 -5
2023-03-13 10:21:21.440 [main] INFO  Calculator - [RESULT - POWER] - 0.03125
2023-03-13 10:21:31.058 [main] INFO  Calculator - [POWER] - 2 20
2023-03-13 10:21:31.059 [main] INFO  Calculator - [RESULT - POWER] - 1048576.0
2023-03-13 10:22:17.054 [main] INFO  Calculator - [POWER] - 16 15
2023-03-13 10:22:17.065 [main] INFO  Calculator - [RESULT - POWER] - 1.15292150460684698E18
2023-03-13 10:32:53.426 [main] INFO  Calculator - [FACTORIAL] - 5
2023-03-13 10:32:53.431 [main] INFO  Calculator - [RESULT - FACTORIAL] - 120
2023-03-13 10:32:53.432 [main] INFO  Calculator - [FACTORIAL] - 6
2023-03-13 10:32:53.432 [main] INFO  Calculator - [RESULT - FACTORIAL] - 720
2023-03-13 10:32:53.433 [main] INFO  Calculator - [FACTORIAL] - 5
2023-03-13 10:32:53.433 [main] INFO  Calculator - [RESULT - FACTORIAL] - 120
2023-03-13 10:32:53.433 [main] INFO  Calculator - [FACTORIAL] - 7
2023-03-13 10:32:53.434 [main] INFO  Calculator - [RESULT - FACTORIAL] - 5040
2023-03-13 10:32:53.439 [main] INFO  Calculator - [SQUARE ROOT] - 16.0
2023-03-13 10:32:53.440 [main] INFO  Calculator - [RESULT - SQUARE ROOT] - 4.0
2023-03-13 10:32:53.451 [main] INFO  Calculator - [SQUARE ROOT] - 16.0
2023-03-13 10:32:53.451 [main] INFO  Calculator - [RESULT - SQUARE ROOT] - 4.0
2023-03-13 10:32:53.451 [main] INFO  Calculator - [SQUARE ROOT] - 5.0
2023-03-13 10:32:53.452 [main] INFO  Calculator - [RESULT - SQUARE ROOT] - 2.23606797749979
2023-03-13 10:32:56.287 [main] INFO  Calculator - [FACTORIAL] - 5
2023-03-13 10:32:56.296 [main] INFO  Calculator - [RESULT - FACTORIAL] - 120
2023-03-13 10:32:56.298 [main] INFO  Calculator - [FACTORIAL] - 6
2023-03-13 10:32:56.298 [main] INFO  Calculator - [RESULT - FACTORIAL] - 720
2023-03-13 10:32:56.299 [main] INFO  Calculator - [FACTORIAL] - 5
2023-03-13 10:32:56.299 [main] INFO  Calculator - [RESULT - FACTORIAL] - 120
2023-03-13 10:32:56.299 [main] INFO  Calculator - [FACTORIAL] - 7
2023-03-13 10:32:56.300 [main] INFO  Calculator - [RESULT - FACTORIAL] - 5040
2023-03-13 10:32:56.305 [main] INFO  Calculator - [SQUARE ROOT] - 16.0
2023-03-13 10:32:56.306 [main] INFO  Calculator - [RESULT - SQUARE ROOT] - 4.0
2023-03-13 10:32:56.316 [main] INFO  Calculator - [SQUARE ROOT] - 16.0
2023-03-13 10:32:56.317 [main] INFO  Calculator - [RESULT - SQUARE ROOT] - 4.0
2023-03-13 10:32:56.317 [main] INFO  Calculator - [SQUARE ROOT] - 5.0
2023-03-13 10:32:56.318 [main] INFO  Calculator - [RESULT - SQUARE ROOT] - 2.23606797749979
2023-03-13 10:26:41.842 [main] INFO  Calculator - [SQUARE ROOT] - 12.0
2023-03-13 10:26:41.850 [main] INFO  Calculator - [RESULT - SQUARE ROOT] - 3.4641016151377544
2023-03-13 10:26:46.134 [main] INFO  Calculator - [SQUARE ROOT] - 15.0
2023-03-13 10:26:46.135 [main] INFO  Calculator - [RESULT - SQUARE ROOT] - 3.872983346207417
2023-03-13 10:39:45.661 [main] INFO  Calculator - [NATURAL LOG] - 8.0
2023-03-13 10:39:45.666 [main] INFO  Calculator - [RESULT - NATURAL LOG] - 2.0794415416798357
2023-03-13 10:39:45.668 [main] INFO  Calculator - [NATURAL LOG] - 200.0
2023-03-13 10:39:45.668 [main] INFO  Calculator - [RESULT - NATURAL LOG] - 5.298317366548036
2023-03-13 10:39:45.687 [main] INFO  Calculator - [FACTORIAL] - 5
2023-03-13 10:39:45.688 [main] INFO  Calculator - [RESULT - FACTORIAL] - 120
2023-03-13 10:39:45.688 [main] INFO  Calculator - [FACTORIAL] - 6
2023-03-13 10:39:45.689 [main] INFO  Calculator - [RESULT - FACTORIAL] - 720
2023-03-13 10:39:45.690 [main] INFO  Calculator - [FACTORIAL] - 5
2023-03-13 10:39:45.690 [main] INFO  Calculator - [RESULT - FACTORIAL] - 120
2023-03-13 10:39:45.690 [main] INFO  Calculator - [FACTORIAL] - 6
2023-03-13 10:39:45.691 [main] INFO  Calculator - [RESULT - FACTORIAL] - 720
2023-03-13 10:39:45.692 [main] INFO  Calculator - [FACTORIAL] - 5
2023-03-13 10:39:45.692 [main] INFO  Calculator - [RESULT - FACTORIAL] - 120
2023-03-13 10:39:45.693 [main] INFO  Calculator - [FACTORIAL] - 7
2023-03-13 10:39:45.693 [main] INFO  Calculator - [RESULT - FACTORIAL] - 5040
2023-03-13 10:39:45.694 [main] INFO  Calculator - [SQUARE ROOT] - 16.0
2023-03-13 10:39:45.695 [main] INFO  Calculator - [RESULT - SQUARE ROOT] - 4.0
2023-03-13 10:39:45.696 [main] INFO  Calculator - [SQUARE ROOT] - 15.0
2023-03-13 10:39:45.696 [main] INFO  Calculator - [RESULT - SQUARE ROOT] - 3.872983346207417
2023-03-13 10:39:45.710 [main] INFO  Calculator - [POWER] - 5 6
2023-03-13 10:39:45.711 [main] INFO  Calculator - [RESULT - POWER] - 15625.0
2023-03-13 10:39:45.711 [main] INFO  Calculator - [POWER] - 3 8
2023-03-13 10:39:45.715 [main] INFO  Calculator - [RESULT - POWER] - 6561.0
2023-03-13 10:39:45.716 [main] INFO  Calculator - [POWER] - 2 5
2023-03-13 10:39:45.716 [main] INFO  Calculator - [RESULT - POWER] - 32.0
2023-03-13 10:39:45.717 [main] INFO  Calculator - [POWER] - 6 8
2023-03-13 10:39:45.717 [main] INFO  Calculator - [RESULT - POWER] - 1679616.0
2023-03-13 10:39:45.718 [main] INFO  Calculator - [SQUARE ROOT] - 16.0
2023-03-13 10:39:45.719 [main] INFO  Calculator - [RESULT - SQUARE ROOT] - 4.0
2023-03-13 10:39:45.719 [main] INFO  Calculator - [SQUARE ROOT] - 5.0
2023-03-13 10:39:45.719 [main] INFO  Calculator - [RESULT - SQUARE ROOT] - 2.23606797749979
2023-03-13 10:40:50.005 [main] INFO  Calculator - [NATURAL LOG] - 8.0
2023-03-13 10:40:50.010 [main] INFO  Calculator - [RESULT - NATURAL LOG] - 2.0794415416798357
2023-03-13 10:40:50.012 [main] INFO  Calculator - [NATURAL LOG] - 200.0
2023-03-13 10:40:50.013 [main] INFO  Calculator - [RESULT - NATURAL LOG] - 5.298317366548036
2023-03-13 10:40:50.036 [main] INFO  Calculator - [FACTORIAL] - 5
2023-03-13 10:40:50.044 [main] INFO  Calculator - [RESULT - FACTORIAL] - 120
2023-03-13 10:40:50.046 [main] INFO  Calculator - [FACTORIAL] - 6
2023-03-13 10:40:50.047 [main] INFO  Calculator - [RESULT - FACTORIAL] - 720
2023-03-13 10:40:50.052 [main] INFO  Calculator - [FACTORIAL] - 5
2023-03-13 10:40:50.052 [main] INFO  Calculator - [RESULT - FACTORIAL] - 120
2023-03-13 10:40:50.053 [main] INFO  Calculator - [FACTORIAL] - 6
2023-03-13 10:40:50.053 [main] INFO  Calculator - [RESULT - FACTORIAL] - 720
2023-03-13 10:40:50.058 [main] INFO  Calculator - [FACTORIAL] - 5
2023-03-13 10:40:50.061 [main] INFO  Calculator - [RESULT - FACTORIAL] - 120
2023-03-13 10:40:50.062 [main] INFO  Calculator - [FACTORIAL] - 7
2023-03-13 10:40:50.063 [main] INFO  Calculator - [RESULT - FACTORIAL] - 5040
2023-03-13 10:40:50.072 [main] INFO  Calculator - [SQUARE ROOT] - 16.0
2023-03-13 10:40:50.072 [main] INFO  Calculator - [RESULT - SQUARE ROOT] - 4.0
2023-03-13 10:40:50.073 [main] INFO  Calculator - [SQUARE ROOT] - 15.0
2023-03-13 10:40:50.073 [main] INFO  Calculator - [RESULT - SQUARE ROOT] - 3.872983346207417
2023-03-13 10:40:50.088 [main] INFO  Calculator - [POWER] - 5 6
2023-03-13 10:40:50.090 [main] INFO  Calculator - [RESULT - POWER] - 15625.0
2023-03-13 10:40:50.090 [main] INFO  Calculator - [POWER] - 3 8
2023-03-13 10:40:50.090 [main] INFO  Calculator - [RESULT - POWER] - 6561.0
2023-03-13 10:40:50.092 [main] INFO  Calculator - [POWER] - 2 5
2023-03-13 10:40:50.092 [main] INFO  Calculator - [RESULT - POWER] - 32.0
2023-03-13 10:40:50.093 [main] INFO  Calculator - [POWER] - 6 8
2023-03-13 10:40:50.094 [main] INFO  Calculator - [RESULT - POWER] - 1679616.0
2023-03-13 10:40:50.095 [main] INFO  Calculator - [SQUARE ROOT] - 17.0
2023-03-13 10:40:50.096 [main] INFO  Calculator - [RESULT - SQUARE ROOT] - 4.123105625617661
2023-03-13 10:40:50.097 [main] INFO  Calculator - [SQUARE ROOT] - 5.0
2023-03-13 10:40:50.098 [main] INFO  Calculator - [RESULT - SQUARE ROOT] - 2.23606797749979
2023-03-13 10:33:43.095 [main] INFO  Calculator - [NATURAL LOG] - 15.0
2023-03-13 10:33:43.105 [main] INFO  Calculator - [RESULT - NATURAL LOG] - 2.70805020110221
2023-03-13 10:33:46.520 [main] INFO  Calculator - [NATURAL LOG] - 8.0
2023-03-13 10:33:46.520 [main] INFO  Calculator - [RESULT - NATURAL LOG] - 2.0794415416798357
2023-03-13 10:34:24.839 [main] INFO  Calculator - [NATURAL LOG] - 200.0
2023-03-13 10:34:24.844 [main] INFO  Calculator - [RESULT - NATURAL LOG] - 5.298317366548036
2023-03-13 10:36:25.628 [main] INFO  Calculator - [POWER] - 5 6
2023-03-13 10:36:25.634 [main] INFO  Calculator - [RESULT - POWER] - 15625.0
2023-03-13 10:37:15.604 [main] INFO  Calculator - [POWER] - 3 8
2023-03-13 10:37:15.609 [main] INFO  Calculator - [RESULT - POWER] - 6561.0
